2022-03-27 11:40:22,747 root INFO data stored in database sucessfully in database : first
2022-03-27 11:40:22,750 root INFO module runned sucessfully
2022-03-27 11:44:28,854 root INFO data entered sucessfully :-  team1 : dd: team2 :d
2022-03-27 11:44:29,785 root INFO coin rolled was : head
2022-03-27 11:44:29,785 root INFO toss was winned by : d
2022-03-27 11:44:30,363 root INFO d choses to  : d
2022-03-27 11:44:30,364 root INFO first ining
2022-03-27 11:44:31,754 root INFO  scored : 6
2022-03-27 11:44:31,989 root INFO  scored : 0
2022-03-27 11:44:32,191 root INFO  scored : 3
2022-03-27 11:44:32,382 root INFO  scored : 2
2022-03-27 11:44:32,572 root INFO  scored : 0
2022-03-27 11:44:32,760 root INFO  scored : 2
2022-03-27 11:44:32,760 root INFO 13 / 0
2022-03-27 11:44:32,761 root INFO  overs  :1
2022-03-27 11:44:32,937 root INFO  scored : 4
2022-03-27 11:44:33,114 root INFO  scored : 2
2022-03-27 11:44:33,312 root INFO  scored : 1
2022-03-27 11:44:33,514 root INFO  scored : 2
2022-03-27 11:44:33,709 root INFO  scored : 1
2022-03-27 11:44:34,101 root INFO 23 / 1
2022-03-27 11:44:34,102 root INFO 23 / 1
2022-03-27 11:44:34,102 root INFO  overs  :2
2022-03-27 11:44:34,311 root INFO  scored : 4
2022-03-27 11:44:34,492 root INFO  scored : 4
2022-03-27 11:44:34,901 root INFO 31 / 2
2022-03-27 11:44:34,902 root INFO  overs  :2.3
2022-03-27 11:44:35,075 root INFO  scored : 2
2022-03-27 11:44:35,280 root INFO  scored : 1
2022-03-27 11:44:35,481 root INFO  scored : 2
2022-03-27 11:44:35,481 root INFO 36 / 2
2022-03-27 11:44:35,481 root INFO  overs  :3
2022-03-27 11:44:35,681 root INFO  scored : 1
2022-03-27 11:44:35,903 root INFO  scored : 6
2022-03-27 11:44:36,095 root INFO  scored : 3
2022-03-27 11:44:36,509 root INFO 46 / 3
2022-03-27 11:44:36,510 root INFO  overs  :3.4
2022-03-27 11:44:36,916 root INFO 46 / 4
2022-03-27 11:44:36,917 root INFO  overs  :3.5
2022-03-27 15:33:28,032 mysql.connector.connection DEBUG # _do_auth(): user: root
2022-03-27 15:33:28,032 mysql.connector.connection DEBUG # _do_auth(): self._auth_plugin: 
2022-03-27 15:33:28,033 mysql.connector.connection DEBUG new_auth_plugin: caching_sha2_password
2022-03-27 15:33:28,035 root INFO the id for the match was : 74485
2022-03-27 15:33:28,042 root INFO data stored in database sucessfully in database : cricket
2022-03-27 15:40:57,699 root INFO data entered sinducessfully :-  team1 : s: team2 :d
2022-03-27 15:40:58,259 root INFO coin rolled was : tail
2022-03-27 15:40:58,259 root INFO toss was winned by : d
2022-03-27 15:40:58,582 root INFO d choses to  : a
2022-03-27 15:40:58,583 root INFO first ining
2022-03-27 15:40:59,670 root INFO 0 / 1
2022-03-27 15:40:59,670 root INFO  overs  :0.1
2022-03-27 15:40:59,958 root INFO a scored : 1
2022-03-27 15:41:00,291 root INFO a scored : 0
2022-03-27 15:41:00,476 root INFO a scored : 6
2022-03-27 15:41:00,869 root INFO 7 / 2
2022-03-27 15:41:00,870 root INFO  overs  :0.5
2022-03-27 15:41:01,094 root INFO a scored : 3
2022-03-27 15:41:01,095 root INFO 10 / 2
2022-03-27 15:41:01,095 root INFO  overs  :1
2022-03-27 15:41:01,235 root INFO  scored : 1
2022-03-27 15:41:01,349 root INFO a scored : 6
2022-03-27 15:41:01,575 root INFO a scored : 1
2022-03-27 15:41:01,719 root INFO  scored : 4
2022-03-27 15:41:01,981 root INFO 22 / 3
2022-03-27 15:41:01,981 root INFO  overs  :1.5
2022-03-27 15:41:02,251 root INFO a scored : 2
2022-03-27 15:41:02,252 root INFO 24 / 3
2022-03-27 15:41:02,252 root INFO  overs  :2
2022-03-27 15:41:02,401 root INFO a scored : 2
2022-03-27 15:41:02,552 root INFO a scored : 1
2022-03-27 15:41:02,676 root INFO  scored : 6
2022-03-27 15:41:02,838 root INFO  scored : 4
2022-03-27 15:41:03,019 root INFO  scored : 2
2022-03-27 15:41:03,266 root INFO  scored : 3
2022-03-27 15:41:03,267 root INFO 42 / 3
2022-03-27 15:41:03,267 root INFO  overs  :3
2022-03-27 15:41:03,511 root INFO a scored : 3
2022-03-27 15:41:03,627 root INFO  scored : 4
2022-03-27 15:41:04,132 root INFO  scored : 2
2022-03-27 15:41:04,191 root INFO 51 / 4
2022-03-27 15:41:04,191 root INFO  overs  :3.4
2022-03-27 15:41:04,224 root INFO a scored : 3
2022-03-27 15:41:04,256 root INFO  scored : 1
2022-03-27 15:41:04,257 root INFO 55 / 4
2022-03-27 15:41:04,257 root INFO  overs  :4
2022-03-27 15:41:04,287 root INFO a scored : 2
2022-03-27 15:41:04,617 root INFO a scored : 1
2022-03-27 15:41:04,828 root INFO  scored : 2
2022-03-27 15:41:05,021 root INFO  scored : 0
2022-03-27 15:41:05,251 root INFO  scored : 1
2022-03-27 15:41:05,751 root INFO a scored : 1
2022-03-27 15:41:05,751 root INFO first inning ends sucessfully
2022-03-27 15:41:05,752 root INFO second innings
2022-03-27 15:41:05,846 root INFO  scored : 0
2022-03-27 15:41:05,878 root INFO 0 / 1
2022-03-27 15:41:05,911 root INFO  overs  :0.2
2022-03-27 15:41:05,943 root INFO  scored : 0
2022-03-27 15:41:07,934 root INFO  scored : 1
2022-03-27 15:41:08,428 root INFO  scored : 6
2022-03-27 15:41:08,460 root INFO 7 / 2
2022-03-27 15:41:08,493 root INFO 7 / 2
2022-03-27 15:41:08,493 root INFO  overs  :1
2022-03-27 15:41:08,538 root INFO 7 / 3
2022-03-27 15:41:08,556 root INFO  overs  :1.1
2022-03-27 15:41:08,599 root INFO  scored : 0
2022-03-27 15:41:08,620 root INFO  scored : 4
2022-03-27 15:41:08,653 root INFO  scored : 6
2022-03-27 15:41:08,688 root INFO  scored : 0
2022-03-27 15:41:09,573 root INFO  scored : 4
2022-03-27 15:41:09,573 root INFO 21 / 3
2022-03-27 15:41:09,573 root INFO  overs  :2
2022-03-27 15:41:10,072 root INFO  scored : 2
2022-03-27 15:41:10,106 root INFO  scored : 6
2022-03-27 15:41:10,140 root INFO  scored : 2
2022-03-27 15:41:10,167 root INFO  scored : 2
2022-03-27 15:41:10,798 root INFO  scored : 0
2022-03-27 15:41:11,022 root INFO  scored : 1
2022-03-27 15:41:11,022 root INFO 34 / 3
2022-03-27 15:41:11,023 root INFO  overs  :3
2022-03-27 15:41:11,304 root INFO 34 / 4
2022-03-27 15:41:11,668 root INFO  overs  :3.1
2022-03-27 15:41:12,434 root INFO  scored : 2
2022-03-27 15:41:12,685 root INFO 36 / 5
2022-03-27 15:41:13,409 root INFO  overs  :3.3
2022-03-27 15:41:13,607 root INFO 36 / 6
2022-03-27 15:41:13,832 root INFO  overs  :3.4
2022-03-27 15:41:14,024 root INFO 36 / 7
2022-03-27 15:41:14,207 root INFO  overs  :3.5
2022-03-27 15:41:14,533 root INFO  scored : 2
2022-03-27 15:41:14,534 root INFO 38 / 7
2022-03-27 15:41:14,534 root INFO  overs  :4
2022-03-27 15:41:14,818 root INFO  scored : 1
2022-03-27 15:41:15,409 root INFO  scored : 1
2022-03-27 15:41:15,628 root INFO  scored : 3
2022-03-27 15:41:15,844 root INFO  scored : 0
2022-03-27 15:41:16,074 root INFO  scored : 0
2022-03-27 15:41:16,340 root INFO  scored : 6
2022-03-27 15:41:16,341 root INFO second inning ends sucessfully
2022-03-27 15:41:16,341 root INFO s score : 62
2022-03-27 15:41:16,341 root INFO d score : 49
2022-03-27 15:41:16,341 root INFO winner is : s
2022-03-27 15:41:26,442 mysql.connector.connection DEBUG # _do_auth(): user: root
2022-03-27 15:41:26,443 mysql.connector.connection DEBUG # _do_auth(): self._auth_plugin: 
2022-03-27 15:41:26,444 mysql.connector.connection DEBUG new_auth_plugin: caching_sha2_password
2022-03-27 15:41:26,451 root INFO the id for the match was : 93992
2022-03-27 15:41:26,455 root INFO data stored in database sucessfully in database : cricket
2022-03-27 15:41:26,456 root INFO module runned sucessfully
